0 info it worked if it ends with ok
1 verbose cli [ 'D:\\nodejs\\node.exe',
1 verbose cli   'D:\\nodejs\\node_modules\\npm\\bin\\npm-cli.js',
1 verbose cli   'adduser' ]
2 info using npm@3.3.6
3 info using node@v5.0.0
4 verbose adduser before first PUT { _id: 'org.couchdb.user:beckettkev',
4 verbose adduser   name: 'beckettkev',
4 verbose adduser   password: 'XXXXX',
4 verbose adduser   email: '"kevinbeckett23@gmail.com"',
4 verbose adduser   type: 'user',
4 verbose adduser   roles: [],
4 verbose adduser   date: '2016-04-20T15:28:52.912Z' }
5 verbose request uri https://registry.npmjs.org/-/user/org.couchdb.user:beckettkev
6 verbose request new user, so can't send auth
7 info attempt registry request try #1 at 4:28:52 PM
8 verbose request id 74cd5a30770d1436
9 http request PUT https://registry.npmjs.org/-/user/org.couchdb.user:beckettkev
10 http 400 https://registry.npmjs.org/-/user/org.couchdb.user:beckettkev
11 verbose headers { 'content-type': 'application/json',
11 verbose headers   'cache-control': 'max-age=300',
11 verbose headers   'content-length': '103',
11 verbose headers   'accept-ranges': 'bytes',
11 verbose headers   date: 'Wed, 20 Apr 2016 15:28:53 GMT',
11 verbose headers   via: '1.1 varnish',
11 verbose headers   connection: 'keep-alive',
11 verbose headers   'x-served-by': 'cache-lcy1126-LCY',
11 verbose headers   'x-cache': 'MISS',
11 verbose headers   'x-cache-hits': '0',
11 verbose headers   'x-timer': 'S1461166132.481239,VS0,VE665',
11 verbose headers   vary: 'Accept-Encoding' }
12 verbose request invalidating C:\Users\kevin.beckett\AppData\Roaming\npm-cache\registry.npmjs.org\-\user\org.couchdb.user_3Abeckettkev on PUT
13 verbose adduser back [ { [Error: ValidationError: child "email" fails because ["email" must be a valid email] : -/user/org.couchdb.user:beckettkev] statusCode: 400, code: 'E400' },
13 verbose adduser   { ok: false,
13 verbose adduser     error: 'ValidationError: child "email" fails because ["email" must be a valid email]' },
13 verbose adduser   '{"ok":false,"error":"ValidationError: child \\"email\\" fails because [\\"email\\" must be a valid email]"}' ]
14 verbose stack Error: ValidationError: child "email" fails because ["email" must be a valid email] : -/user/org.couchdb.user:beckettkev
14 verbose stack     at makeError (D:\nodejs\node_modules\npm\node_modules\npm-registry-client\lib\request.js:264:12)
14 verbose stack     at CachingRegistryClient.<anonymous> (D:\nodejs\node_modules\npm\node_modules\npm-registry-client\lib\request.js:252:14)
14 verbose stack     at Request._callback (D:\nodejs\node_modules\npm\node_modules\npm-registry-client\lib\request.js:172:14)
14 verbose stack     at Request.self.callback (D:\nodejs\node_modules\npm\node_modules\request\request.js:198:22)
14 verbose stack     at emitTwo (events.js:87:13)
14 verbose stack     at Request.emit (events.js:172:7)
14 verbose stack     at Request.<anonymous> (D:\nodejs\node_modules\npm\node_modules\request\request.js:1063:14)
14 verbose stack     at emitOne (events.js:82:20)
14 verbose stack     at Request.emit (events.js:169:7)
14 verbose stack     at IncomingMessage.<anonymous> (D:\nodejs\node_modules\npm\node_modules\request\request.js:1009:12)
15 verbose statusCode 400
16 verbose cwd D:\goldfish-golden\Goldfish
17 error Windows_NT 6.2.9200
18 error argv "D:\\nodejs\\node.exe" "D:\\nodejs\\node_modules\\npm\\bin\\npm-cli.js" "adduser"
19 error node v5.0.0
20 error npm  v3.3.6
21 error code E400
22 error ValidationError: child "email" fails because ["email" must be a valid email] : -/user/org.couchdb.user:beckettkev
23 error If you need help, you may report this error at:
23 error     <https://github.com/npm/npm/issues>
24 verbose exit [ 1, true ]
